Arguments: 
  /usr/local/bin/node /usr/local/bin/yarn

PATH: 
  /Users/jawiwy/.local/share/solana/install/active_release/bin:/Users/jawiwy/.local/share/solana/install/active_release/bin:/Users/jawiwy/.local/share/solana/install/active_release/bin:/usr/local/bin:/usr/bin:/bin:/usr/sbin:/sbin:/Users/jawiwy/.local/share/solana/install/active_release/bin:/Users/jawiwy/.cargo/bin:/usr/local/mongodb/bin:/usr/local/mongodb/bin

Yarn version: 
  1.22.11

Node version: 
  16.15.1

Platform: 
  darwin x64

Trace: 
  SyntaxError: /Users/jawiwy/Documents/GitHub/PolkadotBlockHeaderClientSDK/packages/t3rn-header-client/package.json: Unexpected token } in JSON at position 953
      at JSON.parse (<anonymous>)
      at /usr/local/lib/node_modules/yarn/lib/cli.js:1625:59
      at Generator.next (<anonymous>)
      at step (/usr/local/lib/node_modules/yarn/lib/cli.js:310:30)
      at /usr/local/lib/node_modules/yarn/lib/cli.js:321:13

npm manifest: 
  {
    "name": "@t3rn/client-header-light-client",
    "version": "1.0.0",
    "description": "listen to new Polkadot headers, and store sequential batches of them inside a Merkle tree.",
    "author": "jchege <jawiwy@gmail.com>",
    "homepage": "https://github.com/solchef/PolkadotBlockHeaderClientSDK#readme",
    "main": "dist/index.js",
    "types": "dist/index.d.ts",
    "files": [
      "dist"
    ],
    "private": true,
    "scripts": {
      "build": "yarn generate:defs && yarn generate:meta",
      "generate:defs": "ts-node --skip-project node_modules/.bin/polkadot-types-from-defs --package sample-polkadotjs-typegen/interfaces --input ./src/interfaces --endpoint ./edgeware.json",
      "generate:meta": "ts-node --skip-project node_modules/.bin/polkadot-types-from-chain --package sample-polkadotjs-typegen/interfaces --endpoint ./edgeware.json --output ./src/interfaces",
      "lint": "tsc --noEmit --pretty"
    },
    "dependencies": {
      "@polkadot/api": "^2.3.1",
    },
    "devDependencies": {
      "@polkadot/typegen": "^2.3.1",
      "ts-node": "^8.6.2",
      "typescript": "^4.0.2"
    }
  }

yarn manifest: 
  No manifest

Lockfile: 
  No lockfile
